# JRE version: Java(TM) SE Runtime Environment (8.0_60-b27) (build 1.8.0_60-b27)
# Java VM: Java HotSpot(TM) Client VM (25.60-b23 mixed mode windows-x86 )
Heap:
 def new generation   total 4928K, used 3474K [0x03e00000, 0x04350000, 0x09350000)
  eden space 4416K,  67% used [0x03e00000, 0x040e4a70, 0x04250000)
  from space 512K, 100% used [0x04250000, 0x042d0000, 0x042d0000)
  to   space 512K,   0% used [0x042d0000, 0x042d0000, 0x04350000)
 tenured generation   total 10944K, used 5915K [0x09350000, 0x09e00000, 0x13e00000)
   the space 10944K,  54% used [0x09350000, 0x09916d88, 0x09916e00, 0x09e00000)
 Metaspace       used 6418K, capacity 6560K, committed 6656K, reserved 7552K
GC Heap History (10 events):
Event: 0.822 GC heap before
{Heap before GC invocations=3 (full 0):
 def new generation   total 4928K, used 4927K [0x03e00000, 0x04350000, 0x09350000)
  eden space 4416K, 100% used [0x03e00000, 0x04250000, 0x04250000)
  from space 512K,  99% used [0x042d0000, 0x0434fff8, 0x04350000)
  to   space 512K,   0% used [0x04250000, 0x04250000, 0x042d0000)
 tenured generation   total 10944K, used 2271K [0x09350000, 0x09e00000, 0x13e00000)
   the space 10944K,  20% used [0x09350000, 0x09587e40, 0x09588000, 0x09e00000)
 Metaspace       used 4199K, capacity 4225K, committed 4288K, reserved 4480K
Event: 0.823 GC heap after
Heap after GC invocations=4 (full 0):
 def new generation   total 4928K, used 13K [0x03e00000, 0x04350000, 0x09350000)
  eden space 4416K,   0% used [0x03e00000, 0x03e00000, 0x04250000)
  from space 512K,   2% used [0x04250000, 0x04253650, 0x042d0000)
  to   space 512K,   0% used [0x042d0000, 0x042d0000, 0x04350000)
 tenured generation   total 10944K, used 3730K [0x09350000, 0x09e00000, 0x13e00000)
   the space 10944K,  34% used [0x09350000, 0x096f48d0, 0x096f4a00, 0x09e00000)
 Metaspace       used 4199K, capacity 4225K, committed 4288K, reserved 4480K
}
Event: 0.823 GC heap before
{Heap before GC invocations=4 (full 0):
 def new generation   total 4928K, used 85K [0x03e00000, 0x04350000, 0x09350000)
  eden space 4416K,   1% used [0x03e00000, 0x03e11e60, 0x04250000)
  from space 512K,   2% used [0x04250000, 0x04253650, 0x042d0000)
  to   space 512K,   0% used [0x042d0000, 0x042d0000, 0x04350000)
 tenured generation   total 10944K, used 3730K [0x09350000, 0x09e00000, 0x13e00000)
   the space 10944K,  34% used [0x09350000, 0x096f48d0, 0x096f4a00, 0x09e00000)
 Metaspace       used 4199K, capacity 4225K, committed 4288K, reserved 4480K
Event: 0.824 GC heap after
Heap after GC invocations=5 (full 0):
 def new generation   total 4928K, used 13K [0x03e00000, 0x04350000, 0x09350000)
  eden space 4416K,   0% used [0x03e00000, 0x03e00000, 0x04250000)
  from space 512K,   2% used [0x042d0000, 0x042d3680, 0x04350000)
  to   space 512K,   0% used [0x04250000, 0x04250000, 0x042d0000)
 tenured generation   total 10944K, used 3730K [0x09350000, 0x09e00000, 0x13e00000)
   the space 10944K,  34% used [0x09350000, 0x096f48d0, 0x096f4a00, 0x09e00000)
 Metaspace       used 4199K, capacity 4225K, committed 4288K, reserved 4480K
}
Event: 0.970 GC heap before
{Heap before GC invocations=5 (full 0):
 def new generation   total 4928K, used 4428K [0x03e00000, 0x04350000, 0x09350000)
  eden space 4416K,  99% used [0x03e00000, 0x0424fca0, 0x04250000)
  from space 512K,   2% used [0x042d0000, 0x042d3680, 0x04350000)
  to   space 512K,   0% used [0x04250000, 0x04250000, 0x042d0000)
 tenured generation   total 10944K, used 3730K [0x09350000, 0x09e00000, 0x13e00000)
   the space 10944K,  34% used [0x09350000, 0x096f48d0, 0x096f4a00, 0x09e00000)
 Metaspace       used 4390K, capacity 4417K, committed 4480K, reserved 4480K
Event: 0.970 GC heap after
Heap after GC invocations=6 (full 0):
 def new generation   total 4928K, used 299K [0x03e00000, 0x04350000, 0x09350000)
  eden space 4416K,   0% used [0x03e00000, 0x03e00000, 0x04250000)
  from space 512K,  58% used [0x04250000, 0x0429af10, 0x042d0000)
  to   space 512K,   0% used [0x042d0000, 0x042d0000, 0x04350000)
 tenured generation   total 10944K, used 3730K [0x09350000, 0x09e00000, 0x13e00000)
   the space 10944K,  34% used [0x09350000, 0x096f48d0, 0x096f4a00, 0x09e00000)
 Metaspace       used 4390K, capacity 4417K, committed 4480K, reserved 4480K
}
Event: 1.188 GC heap before
{Heap before GC invocations=6 (full 0):
 def new generation   total 4928K, used 4715K [0x03e00000, 0x04350000, 0x09350000)
  eden space 4416K, 100% used [0x03e00000, 0x04250000, 0x04250000)
  from space 512K,  58% used [0x04250000, 0x0429af10, 0x042d0000)
  to   space 512K,   0% used [0x042d0000, 0x042d0000, 0x04350000)
 tenured generation   total 10944K, used 3730K [0x09350000, 0x09e00000, 0x13e00000)
   the space 10944K,  34% used [0x09350000, 0x096f48d0, 0x096f4a00, 0x09e00000)
 Metaspace       used 5241K, capacity 5281K, committed 5376K, reserved 5504K
Event: 1.190 GC heap after
Heap after GC invocations=7 (full 0):
 def new generation   total 4928K, used 512K [0x03e00000, 0x04350000, 0x09350000)
  eden space 4416K,   0% used [0x03e00000, 0x03e00000, 0x04250000)
  from space 512K, 100% used [0x042d0000, 0x04350000, 0x04350000)
  to   space 512K,   0% used [0x04250000, 0x04250000, 0x042d0000)
 tenured generation   total 10944K, used 4533K [0x09350000, 0x09e00000, 0x13e00000)
   the space 10944K,  41% used [0x09350000, 0x097bd6b0, 0x097bd800, 0x09e00000)
 Metaspace       used 5241K, capacity 5281K, committed 5376K, reserved 5504K
}
Event: 2.155 GC heap before
{Heap before GC invocations=7 (full 0):
 def new generation   total 4928K, used 4928K [0x03e00000, 0x04350000, 0x09350000)
  eden space 4416K, 100% used [0x03e00000, 0x04250000, 0x04250000)
  from space 512K, 100% used [0x042d0000, 0x04350000, 0x04350000)
  to   space 512K,   0% used [0x04250000, 0x04250000, 0x042d0000)
 tenured generation   total 10944K, used 4533K [0x09350000, 0x09e00000, 0x13e00000)
   the space 10944K,  41% used [0x09350000, 0x097bd6b0, 0x097bd800, 0x09e00000)
 Metaspace       used 6047K, capacity 6062K, committed 6144K, reserved 6528K
Event: 2.158 GC heap after
Heap after GC invocations=8 (full 0):
 def new generation   total 4928K, used 512K [0x03e00000, 0x04350000, 0x09350000)
  eden space 4416K,   0% used [0x03e00000, 0x03e00000, 0x04250000)
  from space 512K, 100% used [0x04250000, 0x042d0000, 0x042d0000)
  to   space 512K,   0% used [0x042d0000, 0x042d0000, 0x04350000)
 tenured generation   total 10944K, used 5915K [0x09350000, 0x09e00000, 0x13e00000)
   the space 10944K,  54% used [0x09350000, 0x09916d88, 0x09916e00, 0x09e00000)
 Metaspace       used 6047K, capacity 6062K, committed 6144K, reserved 6528K
}

