# JRE version: Java(TM) SE Runtime Environment (8.0_60-b27) (build 1.8.0_60-b27)
# Java VM: Java HotSpot(TM) Client VM (25.60-b23 mixed mode windows-x86 )
Heap:
 def new generation   total 4928K, used 2334K [0x03e00000, 0x04350000, 0x09350000)
  eden space 4416K,  41% used [0x03e00000, 0x03fc7ad8, 0x04250000)
  from space 512K, 100% used [0x042d0000, 0x04350000, 0x04350000)
  to   space 512K,   0% used [0x04250000, 0x04250000, 0x042d0000)
 tenured generation   total 10944K, used 4051K [0x09350000, 0x09e00000, 0x13e00000)
   the space 10944K,  37% used [0x09350000, 0x09744e38, 0x09745000, 0x09e00000)
 Metaspace       used 6363K, capacity 6496K, committed 6528K, reserved 6528K
GC Heap History (10 events):
Event: 0.954 GC heap before
{Heap before GC invocations=2 (full 0):
 def new generation   total 4928K, used 4927K [0x03e00000, 0x04350000, 0x09350000)
  eden space 4416K, 100% used [0x03e00000, 0x04250000, 0x04250000)
  from space 512K,  99% used [0x04250000, 0x042cfff8, 0x042d0000)
  to   space 512K,   0% used [0x042d0000, 0x042d0000, 0x04350000)
 tenured generation   total 10944K, used 1679K [0x09350000, 0x09e00000, 0x13e00000)
   the space 10944K,  15% used [0x09350000, 0x094f3d30, 0x094f3e00, 0x09e00000)
 Metaspace       used 4199K, capacity 4225K, committed 4288K, reserved 4480K
Event: 0.955 GC heap after
Heap after GC invocations=3 (full 0):
 def new generation   total 4928K, used 45K [0x03e00000, 0x04350000, 0x09350000)
  eden space 4416K,   0% used [0x03e00000, 0x03e00000, 0x04250000)
  from space 512K,   8% used [0x042d0000, 0x042db5f0, 0x04350000)
  to   space 512K,   0% used [0x04250000, 0x04250000, 0x042d0000)
 tenured generation   total 10944K, used 1940K [0x09350000, 0x09e00000, 0x13e00000)
   the space 10944K,  17% used [0x09350000, 0x09535060, 0x09535200, 0x09e00000)
 Metaspace       used 4199K, capacity 4225K, committed 4288K, reserved 4480K
}
Event: 1.102 GC heap before
{Heap before GC invocations=3 (full 0):
 def new generation   total 4928K, used 4451K [0x03e00000, 0x04350000, 0x09350000)
  eden space 4416K,  99% used [0x03e00000, 0x0424d820, 0x04250000)
  from space 512K,   8% used [0x042d0000, 0x042db5f0, 0x04350000)
  to   space 512K,   0% used [0x04250000, 0x04250000, 0x042d0000)
 tenured generation   total 10944K, used 1940K [0x09350000, 0x09e00000, 0x13e00000)
   the space 10944K,  17% used [0x09350000, 0x09535060, 0x09535200, 0x09e00000)
 Metaspace       used 4203K, capacity 4225K, committed 4288K, reserved 4480K
Event: 1.103 GC heap after
Heap after GC invocations=4 (full 0):
 def new generation   total 4928K, used 17K [0x03e00000, 0x04350000, 0x09350000)
  eden space 4416K,   0% used [0x03e00000, 0x03e00000, 0x04250000)
  from space 512K,   3% used [0x04250000, 0x042545c0, 0x042d0000)
  to   space 512K,   0% used [0x042d0000, 0x042d0000, 0x04350000)
 tenured generation   total 10944K, used 1940K [0x09350000, 0x09e00000, 0x13e00000)
   the space 10944K,  17% used [0x09350000, 0x09535060, 0x09535200, 0x09e00000)
 Metaspace       used 4203K, capacity 4225K, committed 4288K, reserved 4480K
}
Event: 1.221 GC heap before
{Heap before GC invocations=4 (full 0):
 def new generation   total 4928K, used 4433K [0x03e00000, 0x04350000, 0x09350000)
  eden space 4416K,  99% used [0x03e00000, 0x0424fed0, 0x04250000)
  from space 512K,   3% used [0x04250000, 0x042545c0, 0x042d0000)
  to   space 512K,   0% used [0x042d0000, 0x042d0000, 0x04350000)
 tenured generation   total 10944K, used 1940K [0x09350000, 0x09e00000, 0x13e00000)
   the space 10944K,  17% used [0x09350000, 0x09535060, 0x09535200, 0x09e00000)
 Metaspace       used 4333K, capacity 4353K, committed 4416K, reserved 4480K
Event: 1.222 GC heap after
Heap after GC invocations=5 (full 0):
 def new generation   total 4928K, used 245K [0x03e00000, 0x04350000, 0x09350000)
  eden space 4416K,   0% used [0x03e00000, 0x03e00000, 0x04250000)
  from space 512K,  47% used [0x042d0000, 0x0430d578, 0x04350000)
  to   space 512K,   0% used [0x04250000, 0x04250000, 0x042d0000)
 tenured generation   total 10944K, used 1940K [0x09350000, 0x09e00000, 0x13e00000)
   the space 10944K,  17% used [0x09350000, 0x09535060, 0x09535200, 0x09e00000)
 Metaspace       used 4333K, capacity 4353K, committed 4416K, reserved 4480K
}
Event: 1.414 GC heap before
{Heap before GC invocations=5 (full 0):
 def new generation   total 4928K, used 4661K [0x03e00000, 0x04350000, 0x09350000)
  eden space 4416K, 100% used [0x03e00000, 0x04250000, 0x04250000)
  from space 512K,  47% used [0x042d0000, 0x0430d578, 0x04350000)
  to   space 512K,   0% used [0x04250000, 0x04250000, 0x042d0000)
 tenured generation   total 10944K, used 1940K [0x09350000, 0x09e00000, 0x13e00000)
   the space 10944K,  17% used [0x09350000, 0x09535060, 0x09535200, 0x09e00000)
 Metaspace       used 5107K, capacity 5153K, committed 5248K, reserved 5504K
Event: 1.415 GC heap after
Heap after GC invocations=6 (full 0):
 def new generation   total 4928K, used 512K [0x03e00000, 0x04350000, 0x09350000)
  eden space 4416K,   0% used [0x03e00000, 0x03e00000, 0x04250000)
  from space 512K, 100% used [0x04250000, 0x042d0000, 0x042d0000)
  to   space 512K,   0% used [0x042d0000, 0x042d0000, 0x04350000)
 tenured generation   total 10944K, used 2648K [0x09350000, 0x09e00000, 0x13e00000)
   the space 10944K,  24% used [0x09350000, 0x095e6318, 0x095e6400, 0x09e00000)
 Metaspace       used 5107K, capacity 5153K, committed 5248K, reserved 5504K
}
Event: 2.470 GC heap before
{Heap before GC invocations=6 (full 0):
 def new generation   total 4928K, used 4928K [0x03e00000, 0x04350000, 0x09350000)
  eden space 4416K, 100% used [0x03e00000, 0x04250000, 0x04250000)
  from space 512K, 100% used [0x04250000, 0x042d0000, 0x042d0000)
  to   space 512K,   0% used [0x042d0000, 0x042d0000, 0x04350000)
 tenured generation   total 10944K, used 2648K [0x09350000, 0x09e00000, 0x13e00000)
   the space 10944K,  24% used [0x09350000, 0x095e6318, 0x095e6400, 0x09e00000)
 Metaspace       used 5827K, capacity 5838K, committed 5888K, reserved 6528K
Event: 2.473 GC heap after
Heap after GC invocations=7 (full 0):
 def new generation   total 4928K, used 512K [0x03e00000, 0x04350000, 0x09350000)
  eden space 4416K,   0% used [0x03e00000, 0x03e00000, 0x04250000)
  from space 512K, 100% used [0x042d0000, 0x04350000, 0x04350000)
  to   space 512K,   0% used [0x04250000, 0x04250000, 0x042d0000)
 tenured generation   total 10944K, used 4051K [0x09350000, 0x09e00000, 0x13e00000)
   the space 10944K,  37% used [0x09350000, 0x09744e38, 0x09745000, 0x09e00000)
 Metaspace       used 5827K, capacity 5838K, committed 5888K, reserved 6528K
}

