# JRE version: Java(TM) SE Runtime Environment (8.0_73-b02) (build 1.8.0_73-b02)
# Java VM: Java HotSpot(TM) Client VM (25.73-b02 mixed mode windows-x86 )
Heap:
 def new generation   total 4928K, used 1834K [0x03c00000, 0x04150000, 0x09150000)
  eden space 4416K,  29% used [0x03c00000, 0x03d4a810, 0x04050000)
  from space 512K, 100% used [0x04050000, 0x040d0000, 0x040d0000)
  to   space 512K,   0% used [0x040d0000, 0x040d0000, 0x04150000)
 tenured generation   total 10944K, used 6430K [0x09150000, 0x09c00000, 0x13c00000)
   the space 10944K,  58% used [0x09150000, 0x09797a38, 0x09797c00, 0x09c00000)
 Metaspace       used 6135K, capacity 6272K, committed 6272K, reserved 6528K
GC Heap History (10 events):
Event: 0.662 GC heap before
{Heap before GC invocations=1 (full 0):
 def new generation   total 4928K, used 4928K [0x03c00000, 0x04150000, 0x09150000)
  eden space 4416K, 100% used [0x03c00000, 0x04050000, 0x04050000)
  from space 512K, 100% used [0x040d0000, 0x04150000, 0x04150000)
  to   space 512K,   0% used [0x04050000, 0x04050000, 0x040d0000)
 tenured generation   total 10944K, used 859K [0x09150000, 0x09c00000, 0x13c00000)
   the space 10944K,   7% used [0x09150000, 0x09226c50, 0x09226e00, 0x09c00000)
 Metaspace       used 3993K, capacity 4033K, committed 4160K, reserved 4480K
Event: 0.665 GC heap after
Heap after GC invocations=2 (full 0):
 def new generation   total 4928K, used 512K [0x03c00000, 0x04150000, 0x09150000)
  eden space 4416K,   0% used [0x03c00000, 0x03c00000, 0x04050000)
  from space 512K, 100% used [0x04050000, 0x040d0000, 0x040d0000)
  to   space 512K,   0% used [0x040d0000, 0x040d0000, 0x04150000)
 tenured generation   total 10944K, used 1664K [0x09150000, 0x09c00000, 0x13c00000)
   the space 10944K,  15% used [0x09150000, 0x092f0120, 0x092f0200, 0x09c00000)
 Metaspace       used 3993K, capacity 4033K, committed 4160K, reserved 4480K
}
Event: 0.767 GC heap before
{Heap before GC invocations=2 (full 0):
 def new generation   total 4928K, used 4928K [0x03c00000, 0x04150000, 0x09150000)
  eden space 4416K, 100% used [0x03c00000, 0x04050000, 0x04050000)
  from space 512K, 100% used [0x04050000, 0x040d0000, 0x040d0000)
  to   space 512K,   0% used [0x040d0000, 0x040d0000, 0x04150000)
 tenured generation   total 10944K, used 2447K [0x09150000, 0x09c00000, 0x13c00000)
   the space 10944K,  22% used [0x09150000, 0x093b3eb0, 0x093b4000, 0x09c00000)
 Metaspace       used 3993K, capacity 4033K, committed 4160K, reserved 4480K
Event: 0.769 GC heap after
Heap after GC invocations=3 (full 0):
 def new generation   total 4928K, used 2K [0x03c00000, 0x04150000, 0x09150000)
  eden space 4416K,   0% used [0x03c00000, 0x03c00000, 0x04050000)
  from space 512K,   0% used [0x040d0000, 0x040d08a8, 0x04150000)
  to   space 512K,   0% used [0x04050000, 0x04050000, 0x040d0000)
 tenured generation   total 10944K, used 4109K [0x09150000, 0x09c00000, 0x13c00000)
   the space 10944K,  37% used [0x09150000, 0x095534d8, 0x09553600, 0x09c00000)
 Metaspace       used 3993K, capacity 4033K, committed 4160K, reserved 4480K
}
Event: 0.916 GC heap before
{Heap before GC invocations=3 (full 0):
 def new generation   total 4928K, used 4418K [0x03c00000, 0x04150000, 0x09150000)
  eden space 4416K, 100% used [0x03c00000, 0x04050000, 0x04050000)
  from space 512K,   0% used [0x040d0000, 0x040d08a8, 0x04150000)
  to   space 512K,   0% used [0x04050000, 0x04050000, 0x040d0000)
 tenured generation   total 10944K, used 4109K [0x09150000, 0x09c00000, 0x13c00000)
   the space 10944K,  37% used [0x09150000, 0x095534d8, 0x09553600, 0x09c00000)
 Metaspace       used 4126K, capacity 4161K, committed 4288K, reserved 4480K
Event: 0.917 GC heap after
Heap after GC invocations=4 (full 0):
 def new generation   total 4928K, used 198K [0x03c00000, 0x04150000, 0x09150000)
  eden space 4416K,   0% used [0x03c00000, 0x03c00000, 0x04050000)
  from space 512K,  38% used [0x04050000, 0x04081820, 0x040d0000)
  to   space 512K,   0% used [0x040d0000, 0x040d0000, 0x04150000)
 tenured generation   total 10944K, used 4109K [0x09150000, 0x09c00000, 0x13c00000)
   the space 10944K,  37% used [0x09150000, 0x095534d8, 0x09553600, 0x09c00000)
 Metaspace       used 4126K, capacity 4161K, committed 4288K, reserved 4480K
}
Event: 1.128 GC heap before
{Heap before GC invocations=4 (full 0):
 def new generation   total 4928K, used 4614K [0x03c00000, 0x04150000, 0x09150000)
  eden space 4416K, 100% used [0x03c00000, 0x04050000, 0x04050000)
  from space 512K,  38% used [0x04050000, 0x04081820, 0x040d0000)
  to   space 512K,   0% used [0x040d0000, 0x040d0000, 0x04150000)
 tenured generation   total 10944K, used 4109K [0x09150000, 0x09c00000, 0x13c00000)
   the space 10944K,  37% used [0x09150000, 0x095534d8, 0x09553600, 0x09c00000)
 Metaspace       used 5033K, capacity 5057K, committed 5120K, reserved 5504K
Event: 1.130 GC heap after
Heap after GC invocations=5 (full 0):
 def new generation   total 4928K, used 512K [0x03c00000, 0x04150000, 0x09150000)
  eden space 4416K,   0% used [0x03c00000, 0x03c00000, 0x04050000)
  from space 512K, 100% used [0x040d0000, 0x04150000, 0x04150000)
  to   space 512K,   0% used [0x04050000, 0x04050000, 0x040d0000)
 tenured generation   total 10944K, used 4952K [0x09150000, 0x09c00000, 0x13c00000)
   the space 10944K,  45% used [0x09150000, 0x096261b0, 0x09626200, 0x09c00000)
 Metaspace       used 5033K, capacity 5057K, committed 5120K, reserved 5504K
}
Event: 1.727 GC heap before
{Heap before GC invocations=5 (full 0):
 def new generation   total 4928K, used 4928K [0x03c00000, 0x04150000, 0x09150000)
  eden space 4416K, 100% used [0x03c00000, 0x04050000, 0x04050000)
  from space 512K, 100% used [0x040d0000, 0x04150000, 0x04150000)
  to   space 512K,   0% used [0x04050000, 0x04050000, 0x040d0000)
 tenured generation   total 10944K, used 4952K [0x09150000, 0x09c00000, 0x13c00000)
   the space 10944K,  45% used [0x09150000, 0x096261b0, 0x09626200, 0x09c00000)
 Metaspace       used 5946K, capacity 6016K, committed 6144K, reserved 6528K
Event: 1.730 GC heap after
Heap after GC invocations=6 (full 0):
 def new generation   total 4928K, used 512K [0x03c00000, 0x04150000, 0x09150000)
  eden space 4416K,   0% used [0x03c00000, 0x03c00000, 0x04050000)
  from space 512K, 100% used [0x04050000, 0x040d0000, 0x040d0000)
  to   space 512K,   0% used [0x040d0000, 0x040d0000, 0x04150000)
 tenured generation   total 10944K, used 6430K [0x09150000, 0x09c00000, 0x13c00000)
   the space 10944K,  58% used [0x09150000, 0x09797a38, 0x09797c00, 0x09c00000)
 Metaspace       used 5946K, capacity 6016K, committed 6144K, reserved 6528K
}

