# JRE version: Java(TM) SE Runtime Environment (8.0_73-b02) (build 1.8.0_73-b02)
# Java VM: Java HotSpot(TM) Client VM (25.73-b02 mixed mode windows-x86 )
Heap:
 def new generation   total 4928K, used 1574K [0x03e00000, 0x04350000, 0x09350000)
  eden space 4416K,  24% used [0x03e00000, 0x03f09b58, 0x04250000)
  from space 512K, 100% used [0x042d0000, 0x04350000, 0x04350000)
  to   space 512K,   0% used [0x04250000, 0x04250000, 0x042d0000)
 tenured generation   total 10944K, used 6382K [0x09350000, 0x09e00000, 0x13e00000)
   the space 10944K,  58% used [0x09350000, 0x0998bb58, 0x0998bc00, 0x09e00000)
 Metaspace       used 6135K, capacity 6272K, committed 6272K, reserved 6528K
GC Heap History (10 events):
Event: 0.798 GC heap before
{Heap before GC invocations=2 (full 0):
 def new generation   total 4928K, used 4928K [0x03e00000, 0x04350000, 0x09350000)
  eden space 4416K, 100% used [0x03e00000, 0x04250000, 0x04250000)
  from space 512K, 100% used [0x04250000, 0x042d0000, 0x042d0000)
  to   space 512K,   0% used [0x042d0000, 0x042d0000, 0x04350000)
 tenured generation   total 10944K, used 2432K [0x09350000, 0x09e00000, 0x13e00000)
   the space 10944K,  22% used [0x09350000, 0x095b0360, 0x095b0400, 0x09e00000)
 Metaspace       used 3993K, capacity 4033K, committed 4160K, reserved 4480K
Event: 0.800 GC heap after
Heap after GC invocations=3 (full 0):
 def new generation   total 4928K, used 1K [0x03e00000, 0x04350000, 0x09350000)
  eden space 4416K,   0% used [0x03e00000, 0x03e00000, 0x04250000)
  from space 512K,   0% used [0x042d0000, 0x042d0640, 0x04350000)
  to   space 512K,   0% used [0x04250000, 0x04250000, 0x042d0000)
 tenured generation   total 10944K, used 4094K [0x09350000, 0x09e00000, 0x13e00000)
   the space 10944K,  37% used [0x09350000, 0x0974fb08, 0x0974fc00, 0x09e00000)
 Metaspace       used 3993K, capacity 4033K, committed 4160K, reserved 4480K
}
Event: 0.800 GC heap before
{Heap before GC invocations=3 (full 0):
 def new generation   total 4928K, used 69K [0x03e00000, 0x04350000, 0x09350000)
  eden space 4416K,   1% used [0x03e00000, 0x03e10e18, 0x04250000)
  from space 512K,   0% used [0x042d0000, 0x042d0640, 0x04350000)
  to   space 512K,   0% used [0x04250000, 0x04250000, 0x042d0000)
 tenured generation   total 10944K, used 4094K [0x09350000, 0x09e00000, 0x13e00000)
   the space 10944K,  37% used [0x09350000, 0x0974fb08, 0x0974fc00, 0x09e00000)
 Metaspace       used 3993K, capacity 4033K, committed 4160K, reserved 4480K
Event: 0.801 GC heap after
Heap after GC invocations=4 (full 0):
 def new generation   total 4928K, used 1K [0x03e00000, 0x04350000, 0x09350000)
  eden space 4416K,   0% used [0x03e00000, 0x03e00000, 0x04250000)
  from space 512K,   0% used [0x04250000, 0x04250608, 0x042d0000)
  to   space 512K,   0% used [0x042d0000, 0x042d0000, 0x04350000)
 tenured generation   total 10944K, used 4094K [0x09350000, 0x09e00000, 0x13e00000)
   the space 10944K,  37% used [0x09350000, 0x0974fb08, 0x0974fc00, 0x09e00000)
 Metaspace       used 3993K, capacity 4033K, committed 4160K, reserved 4480K
}
Event: 0.943 GC heap before
{Heap before GC invocations=4 (full 0):
 def new generation   total 4928K, used 4417K [0x03e00000, 0x04350000, 0x09350000)
  eden space 4416K, 100% used [0x03e00000, 0x04250000, 0x04250000)
  from space 512K,   0% used [0x04250000, 0x04250608, 0x042d0000)
  to   space 512K,   0% used [0x042d0000, 0x042d0000, 0x04350000)
 tenured generation   total 10944K, used 4094K [0x09350000, 0x09e00000, 0x13e00000)
   the space 10944K,  37% used [0x09350000, 0x0974fb08, 0x0974fc00, 0x09e00000)
 Metaspace       used 4156K, capacity 4193K, committed 4288K, reserved 4480K
Event: 0.944 GC heap after
Heap after GC invocations=5 (full 0):
 def new generation   total 4928K, used 263K [0x03e00000, 0x04350000, 0x09350000)
  eden space 4416K,   0% used [0x03e00000, 0x03e00000, 0x04250000)
  from space 512K,  51% used [0x042d0000, 0x04311d98, 0x04350000)
  to   space 512K,   0% used [0x04250000, 0x04250000, 0x042d0000)
 tenured generation   total 10944K, used 4094K [0x09350000, 0x09e00000, 0x13e00000)
   the space 10944K,  37% used [0x09350000, 0x0974fb08, 0x0974fc00, 0x09e00000)
 Metaspace       used 4156K, capacity 4193K, committed 4288K, reserved 4480K
}
Event: 1.162 GC heap before
{Heap before GC invocations=5 (full 0):
 def new generation   total 4928K, used 4679K [0x03e00000, 0x04350000, 0x09350000)
  eden space 4416K, 100% used [0x03e00000, 0x04250000, 0x04250000)
  from space 512K,  51% used [0x042d0000, 0x04311d98, 0x04350000)
  to   space 512K,   0% used [0x04250000, 0x04250000, 0x042d0000)
 tenured generation   total 10944K, used 4094K [0x09350000, 0x09e00000, 0x13e00000)
   the space 10944K,  37% used [0x09350000, 0x0974fb08, 0x0974fc00, 0x09e00000)
 Metaspace       used 5082K, capacity 5102K, committed 5248K, reserved 5504K
Event: 1.169 GC heap after
Heap after GC invocations=6 (full 0):
 def new generation   total 4928K, used 512K [0x03e00000, 0x04350000, 0x09350000)
  eden space 4416K,   0% used [0x03e00000, 0x03e00000, 0x04250000)
  from space 512K, 100% used [0x04250000, 0x042d0000, 0x042d0000)
  to   space 512K,   0% used [0x042d0000, 0x042d0000, 0x04350000)
 tenured generation   total 10944K, used 4994K [0x09350000, 0x09e00000, 0x13e00000)
   the space 10944K,  45% used [0x09350000, 0x09830828, 0x09830a00, 0x09e00000)
 Metaspace       used 5082K, capacity 5102K, committed 5248K, reserved 5504K
}
Event: 2.367 GC heap before
{Heap before GC invocations=6 (full 0):
 def new generation   total 4928K, used 4928K [0x03e00000, 0x04350000, 0x09350000)
  eden space 4416K, 100% used [0x03e00000, 0x04250000, 0x04250000)
  from space 512K, 100% used [0x04250000, 0x042d0000, 0x042d0000)
  to   space 512K,   0% used [0x042d0000, 0x042d0000, 0x04350000)
 tenured generation   total 10944K, used 4994K [0x09350000, 0x09e00000, 0x13e00000)
   the space 10944K,  45% used [0x09350000, 0x09830828, 0x09830a00, 0x09e00000)
 Metaspace       used 5967K, capacity 6056K, committed 6144K, reserved 6528K
Event: 2.371 GC heap after
Heap after GC invocations=7 (full 0):
 def new generation   total 4928K, used 512K [0x03e00000, 0x04350000, 0x09350000)
  eden space 4416K,   0% used [0x03e00000, 0x03e00000, 0x04250000)
  from space 512K, 100% used [0x042d0000, 0x04350000, 0x04350000)
  to   space 512K,   0% used [0x04250000, 0x04250000, 0x042d0000)
 tenured generation   total 10944K, used 6382K [0x09350000, 0x09e00000, 0x13e00000)
   the space 10944K,  58% used [0x09350000, 0x0998bb58, 0x0998bc00, 0x09e00000)
 Metaspace       used 5967K, capacity 6056K, committed 6144K, reserved 6528K
}

