# JRE version: Java(TM) SE Runtime Environment (8.0_60-b27) (build 1.8.0_60-b27)
# Java VM: Java HotSpot(TM) Client VM (25.60-b23 mixed mode windows-x86 )
Heap:
 def new generation   total 4928K, used 3523K [0x03e00000, 0x04350000, 0x09350000)
  eden space 4416K,  68% used [0x03e00000, 0x040f0c78, 0x04250000)
  from space 512K, 100% used [0x04250000, 0x042d0000, 0x042d0000)
  to   space 512K,   0% used [0x042d0000, 0x042d0000, 0x04350000)
 tenured generation   total 10944K, used 6025K [0x09350000, 0x09e00000, 0x13e00000)
   the space 10944K,  55% used [0x09350000, 0x09932730, 0x09932800, 0x09e00000)
 Metaspace       used 6364K, capacity 6496K, committed 6528K, reserved 6528K
GC Heap History (10 events):
Event: 0.984 GC heap before
{Heap before GC invocations=3 (full 0):
 def new generation   total 4928K, used 4928K [0x03e00000, 0x04350000, 0x09350000)
  eden space 4416K, 100% used [0x03e00000, 0x04250000, 0x04250000)
  from space 512K, 100% used [0x042d0000, 0x04350000, 0x04350000)
  to   space 512K,   0% used [0x04250000, 0x04250000, 0x042d0000)
 tenured generation   total 10944K, used 2519K [0x09350000, 0x09e00000, 0x13e00000)
   the space 10944K,  23% used [0x09350000, 0x095c5cb0, 0x095c5e00, 0x09e00000)
 Metaspace       used 4199K, capacity 4225K, committed 4288K, reserved 4480K
Event: 0.986 GC heap after
Heap after GC invocations=4 (full 0):
 def new generation   total 4928K, used 13K [0x03e00000, 0x04350000, 0x09350000)
  eden space 4416K,   0% used [0x03e00000, 0x03e00000, 0x04250000)
  from space 512K,   2% used [0x04250000, 0x04253760, 0x042d0000)
  to   space 512K,   0% used [0x042d0000, 0x042d0000, 0x04350000)
 tenured generation   total 10944K, used 3977K [0x09350000, 0x09e00000, 0x13e00000)
   the space 10944K,  36% used [0x09350000, 0x09732740, 0x09732800, 0x09e00000)
 Metaspace       used 4199K, capacity 4225K, committed 4288K, reserved 4480K
}
Event: 0.987 GC heap before
{Heap before GC invocations=4 (full 0):
 def new generation   total 4928K, used 86K [0x03e00000, 0x04350000, 0x09350000)
  eden space 4416K,   1% used [0x03e00000, 0x03e12458, 0x04250000)
  from space 512K,   2% used [0x04250000, 0x04253760, 0x042d0000)
  to   space 512K,   0% used [0x042d0000, 0x042d0000, 0x04350000)
 tenured generation   total 10944K, used 3977K [0x09350000, 0x09e00000, 0x13e00000)
   the space 10944K,  36% used [0x09350000, 0x09732740, 0x09732800, 0x09e00000)
 Metaspace       used 4199K, capacity 4225K, committed 4288K, reserved 4480K
Event: 0.988 GC heap after
Heap after GC invocations=5 (full 0):
 def new generation   total 4928K, used 13K [0x03e00000, 0x04350000, 0x09350000)
  eden space 4416K,   0% used [0x03e00000, 0x03e00000, 0x04250000)
  from space 512K,   2% used [0x042d0000, 0x042d3588, 0x04350000)
  to   space 512K,   0% used [0x04250000, 0x04250000, 0x042d0000)
 tenured generation   total 10944K, used 3977K [0x09350000, 0x09e00000, 0x13e00000)
   the space 10944K,  36% used [0x09350000, 0x09732740, 0x09732800, 0x09e00000)
 Metaspace       used 4199K, capacity 4225K, committed 4288K, reserved 4480K
}
Event: 1.159 GC heap before
{Heap before GC invocations=5 (full 0):
 def new generation   total 4928K, used 4429K [0x03e00000, 0x04350000, 0x09350000)
  eden space 4416K, 100% used [0x03e00000, 0x04250000, 0x04250000)
  from space 512K,   2% used [0x042d0000, 0x042d3588, 0x04350000)
  to   space 512K,   0% used [0x04250000, 0x04250000, 0x042d0000)
 tenured generation   total 10944K, used 3977K [0x09350000, 0x09e00000, 0x13e00000)
   the space 10944K,  36% used [0x09350000, 0x09732740, 0x09732800, 0x09e00000)
 Metaspace       used 4282K, capacity 4321K, committed 4416K, reserved 4480K
Event: 1.160 GC heap after
Heap after GC invocations=6 (full 0):
 def new generation   total 4928K, used 158K [0x03e00000, 0x04350000, 0x09350000)
  eden space 4416K,   0% used [0x03e00000, 0x03e00000, 0x04250000)
  from space 512K,  30% used [0x04250000, 0x04277830, 0x042d0000)
  to   space 512K,   0% used [0x042d0000, 0x042d0000, 0x04350000)
 tenured generation   total 10944K, used 3977K [0x09350000, 0x09e00000, 0x13e00000)
   the space 10944K,  36% used [0x09350000, 0x09732740, 0x09732800, 0x09e00000)
 Metaspace       used 4282K, capacity 4321K, committed 4416K, reserved 4480K
}
Event: 1.371 GC heap before
{Heap before GC invocations=6 (full 0):
 def new generation   total 4928K, used 4574K [0x03e00000, 0x04350000, 0x09350000)
  eden space 4416K, 100% used [0x03e00000, 0x04250000, 0x04250000)
  from space 512K,  30% used [0x04250000, 0x04277830, 0x042d0000)
  to   space 512K,   0% used [0x042d0000, 0x042d0000, 0x04350000)
 tenured generation   total 10944K, used 3977K [0x09350000, 0x09e00000, 0x13e00000)
   the space 10944K,  36% used [0x09350000, 0x09732740, 0x09732800, 0x09e00000)
 Metaspace       used 5027K, capacity 5089K, committed 5120K, reserved 5504K
Event: 1.373 GC heap after
Heap after GC invocations=7 (full 0):
 def new generation   total 4928K, used 512K [0x03e00000, 0x04350000, 0x09350000)
  eden space 4416K,   0% used [0x03e00000, 0x03e00000, 0x04250000)
  from space 512K, 100% used [0x042d0000, 0x04350000, 0x04350000)
  to   space 512K,   0% used [0x04250000, 0x04250000, 0x042d0000)
 tenured generation   total 10944K, used 4623K [0x09350000, 0x09e00000, 0x13e00000)
   the space 10944K,  42% used [0x09350000, 0x097d3ca0, 0x097d3e00, 0x09e00000)
 Metaspace       used 5027K, capacity 5089K, committed 5120K, reserved 5504K
}
Event: 3.431 GC heap before
{Heap before GC invocations=7 (full 0):
 def new generation   total 4928K, used 4928K [0x03e00000, 0x04350000, 0x09350000)
  eden space 4416K, 100% used [0x03e00000, 0x04250000, 0x04250000)
  from space 512K, 100% used [0x042d0000, 0x04350000, 0x04350000)
  to   space 512K,   0% used [0x04250000, 0x04250000, 0x042d0000)
 tenured generation   total 10944K, used 4623K [0x09350000, 0x09e00000, 0x13e00000)
   the space 10944K,  42% used [0x09350000, 0x097d3ca0, 0x097d3e00, 0x09e00000)
 Metaspace       used 5812K, capacity 5838K, committed 5888K, reserved 6528K
Event: 3.434 GC heap after
Heap after GC invocations=8 (full 0):
 def new generation   total 4928K, used 512K [0x03e00000, 0x04350000, 0x09350000)
  eden space 4416K,   0% used [0x03e00000, 0x03e00000, 0x04250000)
  from space 512K, 100% used [0x04250000, 0x042d0000, 0x042d0000)
  to   space 512K,   0% used [0x042d0000, 0x042d0000, 0x04350000)
 tenured generation   total 10944K, used 6025K [0x09350000, 0x09e00000, 0x13e00000)
   the space 10944K,  55% used [0x09350000, 0x09932730, 0x09932800, 0x09e00000)
 Metaspace       used 5812K, capacity 5838K, committed 5888K, reserved 6528K
}

