# JRE version: Java(TM) SE Runtime Environment (8.0_73-b02) (build 1.8.0_73-b02)
# Java VM: Java HotSpot(TM) Client VM (25.73-b02 mixed mode windows-x86 )
Heap:
 def new generation   total 4928K, used 2705K [0x03c00000, 0x04150000, 0x09150000)
  eden space 4416K,  49% used [0x03c00000, 0x03e24588, 0x04050000)
  from space 512K, 100% used [0x040d0000, 0x04150000, 0x04150000)
  to   space 512K,   0% used [0x04050000, 0x04050000, 0x040d0000)
 tenured generation   total 10944K, used 6949K [0x09150000, 0x09c00000, 0x13c00000)
   the space 10944K,  63% used [0x09150000, 0x09819470, 0x09819600, 0x09c00000)
 Metaspace       used 6133K, capacity 6272K, committed 6272K, reserved 6528K
GC Heap History (10 events):
Event: 0.708 GC heap before
{Heap before GC invocations=2 (full 0):
 def new generation   total 4928K, used 4928K [0x03c00000, 0x04150000, 0x09150000)
  eden space 4416K, 100% used [0x03c00000, 0x04050000, 0x04050000)
  from space 512K, 100% used [0x04050000, 0x040d0000, 0x040d0000)
  to   space 512K,   0% used [0x040d0000, 0x040d0000, 0x04150000)
 tenured generation   total 10944K, used 3154K [0x09150000, 0x09c00000, 0x13c00000)
   the space 10944K,  28% used [0x09150000, 0x09464bc0, 0x09464c00, 0x09c00000)
 Metaspace       used 3992K, capacity 4033K, committed 4160K, reserved 4480K
Event: 0.710 GC heap after
Heap after GC invocations=3 (full 0):
 def new generation   total 4928K, used 2K [0x03c00000, 0x04150000, 0x09150000)
  eden space 4416K,   0% used [0x03c00000, 0x03c00000, 0x04050000)
  from space 512K,   0% used [0x040d0000, 0x040d09e8, 0x04150000)
  to   space 512K,   0% used [0x04050000, 0x04050000, 0x040d0000)
 tenured generation   total 10944K, used 4816K [0x09150000, 0x09c00000, 0x13c00000)
   the space 10944K,  44% used [0x09150000, 0x096040f0, 0x09604200, 0x09c00000)
 Metaspace       used 3992K, capacity 4033K, committed 4160K, reserved 4480K
}
Event: 0.710 GC heap before
{Heap before GC invocations=3 (full 0):
 def new generation   total 4928K, used 74K [0x03c00000, 0x04150000, 0x09150000)
  eden space 4416K,   1% used [0x03c00000, 0x03c120e0, 0x04050000)
  from space 512K,   0% used [0x040d0000, 0x040d09e8, 0x04150000)
  to   space 512K,   0% used [0x04050000, 0x04050000, 0x040d0000)
 tenured generation   total 10944K, used 4816K [0x09150000, 0x09c00000, 0x13c00000)
   the space 10944K,  44% used [0x09150000, 0x096040f0, 0x09604200, 0x09c00000)
 Metaspace       used 3992K, capacity 4033K, committed 4160K, reserved 4480K
Event: 0.710 GC heap after
Heap after GC invocations=4 (full 0):
 def new generation   total 4928K, used 2K [0x03c00000, 0x04150000, 0x09150000)
  eden space 4416K,   0% used [0x03c00000, 0x03c00000, 0x04050000)
  from space 512K,   0% used [0x04050000, 0x04050a28, 0x040d0000)
  to   space 512K,   0% used [0x040d0000, 0x040d0000, 0x04150000)
 tenured generation   total 10944K, used 4816K [0x09150000, 0x09c00000, 0x13c00000)
   the space 10944K,  44% used [0x09150000, 0x096040f0, 0x09604200, 0x09c00000)
 Metaspace       used 3992K, capacity 4033K, committed 4160K, reserved 4480K
}
Event: 0.855 GC heap before
{Heap before GC invocations=4 (full 0):
 def new generation   total 4928K, used 4418K [0x03c00000, 0x04150000, 0x09150000)
  eden space 4416K, 100% used [0x03c00000, 0x04050000, 0x04050000)
  from space 512K,   0% used [0x04050000, 0x04050a28, 0x040d0000)
  to   space 512K,   0% used [0x040d0000, 0x040d0000, 0x04150000)
 tenured generation   total 10944K, used 4816K [0x09150000, 0x09c00000, 0x13c00000)
   the space 10944K,  44% used [0x09150000, 0x096040f0, 0x09604200, 0x09c00000)
 Metaspace       used 4074K, capacity 4129K, committed 4160K, reserved 4480K
Event: 0.856 GC heap after
Heap after GC invocations=5 (full 0):
 def new generation   total 4928K, used 146K [0x03c00000, 0x04150000, 0x09150000)
  eden space 4416K,   0% used [0x03c00000, 0x03c00000, 0x04050000)
  from space 512K,  28% used [0x040d0000, 0x040f4970, 0x04150000)
  to   space 512K,   0% used [0x04050000, 0x04050000, 0x040d0000)
 tenured generation   total 10944K, used 4816K [0x09150000, 0x09c00000, 0x13c00000)
   the space 10944K,  44% used [0x09150000, 0x096040f0, 0x09604200, 0x09c00000)
 Metaspace       used 4074K, capacity 4129K, committed 4160K, reserved 4480K
}
Event: 1.063 GC heap before
{Heap before GC invocations=5 (full 0):
 def new generation   total 4928K, used 4541K [0x03c00000, 0x04150000, 0x09150000)
  eden space 4416K,  99% used [0x03c00000, 0x0404aac8, 0x04050000)
  from space 512K,  28% used [0x040d0000, 0x040f4970, 0x04150000)
  to   space 512K,   0% used [0x04050000, 0x04050000, 0x040d0000)
 tenured generation   total 10944K, used 4816K [0x09150000, 0x09c00000, 0x13c00000)
   the space 10944K,  44% used [0x09150000, 0x096040f0, 0x09604200, 0x09c00000)
 Metaspace       used 4828K, capacity 4865K, committed 4992K, reserved 5504K
Event: 1.064 GC heap after
Heap after GC invocations=6 (full 0):
 def new generation   total 4928K, used 512K [0x03c00000, 0x04150000, 0x09150000)
  eden space 4416K,   0% used [0x03c00000, 0x03c00000, 0x04050000)
  from space 512K, 100% used [0x04050000, 0x040d0000, 0x040d0000)
  to   space 512K,   0% used [0x040d0000, 0x040d0000, 0x04150000)
 tenured generation   total 10944K, used 5496K [0x09150000, 0x09c00000, 0x13c00000)
   the space 10944K,  50% used [0x09150000, 0x096ae1b8, 0x096ae200, 0x09c00000)
 Metaspace       used 4828K, capacity 4865K, committed 4992K, reserved 5504K
}
Event: 5.135 GC heap before
{Heap before GC invocations=6 (full 0):
 def new generation   total 4928K, used 4928K [0x03c00000, 0x04150000, 0x09150000)
  eden space 4416K, 100% used [0x03c00000, 0x04050000, 0x04050000)
  from space 512K, 100% used [0x04050000, 0x040d0000, 0x040d0000)
  to   space 512K,   0% used [0x040d0000, 0x040d0000, 0x04150000)
 tenured generation   total 10944K, used 5496K [0x09150000, 0x09c00000, 0x13c00000)
   the space 10944K,  50% used [0x09150000, 0x096ae1b8, 0x096ae200, 0x09c00000)
 Metaspace       used 5617K, capacity 5646K, committed 5760K, reserved 6528K
Event: 5.137 GC heap after
Heap after GC invocations=7 (full 0):
 def new generation   total 4928K, used 512K [0x03c00000, 0x04150000, 0x09150000)
  eden space 4416K,   0% used [0x03c00000, 0x03c00000, 0x04050000)
  from space 512K, 100% used [0x040d0000, 0x04150000, 0x04150000)
  to   space 512K,   0% used [0x04050000, 0x04050000, 0x040d0000)
 tenured generation   total 10944K, used 6949K [0x09150000, 0x09c00000, 0x13c00000)
   the space 10944K,  63% used [0x09150000, 0x09819470, 0x09819600, 0x09c00000)
 Metaspace       used 5617K, capacity 5646K, committed 5760K, reserved 6528K
}

